"../../../Engine/Content/EditorBlueprintResources/StandardMacros.uasset" 0
"../../../SpaceTypingTutor/Content/ReusableAssets/Utilities/E_EventType.uasset" 1
"../../../SpaceTypingTutor/Content/ReusableAssets/Crosshair/BPI_CrosshairTarget.uasset" 2
"../../../SpaceTypingTutor/Content/ReusableAssets/Utilities/S_StringsArray.uasset" 3
"../../../SpaceTypingTutor/Content/ReusableAssets/Utilities/S_AnimationParams.uasset" 4
"../../../SpaceTypingTutor/Content/ReusableAssets/Utilities/C_GenericCurve.uasset" 5
"../../../SpaceTypingTutor/Content/Typewriter/C_BounceAnimationCurve.uasset" 6
"../../../SpaceTypingTutor/Content/ReusableAssets/Utilities/BP_AnimationActor.uasset" 7
"../../../SpaceTypingTutor/Content/ReusableAssets/Utilities/BPI_AnimationDelegate.uasset" 8
"../../../SpaceTypingTutor/Content/ReusableAssets/Utilities/BP_AnimationRunner.uasset" 9
"../../../Engine/Content/EngineFonts/RobotoDistanceField.uasset" 10
"../../../SpaceTypingTutor/Content/ReusableAssets/Materials/MT_TextMaterialEmissive.uasset" 11
"../../../SpaceTypingTutor/Content/ReusableAssets/Utilities/BP_DebugLogger.uasset" 12
"../../../SpaceTypingTutor/Content/ReusableAssets/Utilities/Preferences/BP_SaveGame.uasset" 13
"../../../SpaceTypingTutor/Content/ReusableAssets/Utilities/Preferences/E_DataType.uasset" 14
"../../../SpaceTypingTutor/Content/ReusableAssets/Utilities/Preferences/BP_Preferences.uasset" 15
"../../../Engine/Content/EngineResources/Black.uasset" 16
"../../../SpaceTypingTutor/Content/ReusableAssets/Utilities/ScreenFader.uasset" 17
"../../../SpaceTypingTutor/Content/Typewriter/LessonEditor/S_StringAndToken.uasset" 18
"../../../SpaceTypingTutor/Content/ReusableAssets/Utilities/LIB_Utilities.uasset" 19
"../../../Engine/Content/Functions/Engine_MaterialFunctions02/Texturing/ScreenAlignedPixelToPixelUVs.uasset" 20
"../../../Engine/Content/EngineMaterials/Good64x64TilingNoiseHighFreq.uasset" 21
"../../../Engine/Content/Functions/Engine_MaterialFunctions02/Utility/DitherTemporalAA.uasset" 22
"../../../SpaceTypingTutor/Content/ReusableAssets/Materials/MT_Opaque.uasset" 23
"../../../SpaceTypingTutor/Content/ReusableAssets/Materials/MT_Transparent.uasset" 24
"../../../SpaceTypingTutor/Content/ReusableAssets/Buttons/BP_Checkbox.uasset" 25
"../../../SpaceTypingTutor/Content/ReusableAssets/Components/BP_FaceCameraRotator.uasset" 26
"../../../SpaceTypingTutor/Content/ReusableAssets/Utilities/LIB_Constants.uasset" 27
"../../../SpaceTypingTutor/Content/ReusableAssets/Buttons/BP_CheckboxBar.uasset" 28
"../../../SpaceTypingTutor/Content/ReusableAssets/Buttons/BP_ToggleButton.uasset" 29
"../../../SpaceTypingTutor/Content/ReusableAssets/Utilities/BC_LevelCommon.uasset" 30
"../../../SpaceTypingTutor/Content/ReusableAssets/Components/BC_SaveAndRestore.uasset" 31
"../../../SpaceTypingTutor/Content/ReusableAssets/Utilities/BP_MouseLook.uasset" 32
"../../../SpaceTypingTutor/Content/ReusableAssets/Crosshair/CrossHairMat.uasset" 33
"../../../SpaceTypingTutor/Content/ReusableAssets/Crosshair/T_GunSightCrosshair.uasset" 34
"../../../SpaceTypingTutor/Content/ReusableAssets/Crosshair/MT_GunsightCrosshair.uasset" 35
"../../../SpaceTypingTutor/Content/StarterContent/Materials/M_Basic_Wall.uasset" 36
"../../../SpaceTypingTutor/Content/ReusableAssets/Crosshair/BeamMat/BeamMat.uasset" 37
"../../../SpaceTypingTutor/Content/ReusableAssets/Crosshair/BeamParticleSystem.uasset" 38
"../../../SpaceTypingTutor/Content/ReusableAssets/Crosshair/Enum_CrosshairStyle.uasset" 39
"../../../SpaceTypingTutor/Content/ReusableAssets/Crosshair/SM_Crosshair.uasset" 40
"../../../SpaceTypingTutor/Content/ReusableAssets/Instructions/M_Instructions.uasset" 41
"../../../SpaceTypingTutor/Content/ReusableAssets/Instructions/SM_Plane100.uasset" 42
"../../../SpaceTypingTutor/Content/Assets/Textures/T_Effect_Ring.uasset" 43
"../../../SpaceTypingTutor/Content/Assets/Materials/M_Particle_Effect_Ring.uasset" 44
"../../../SpaceTypingTutor/Content/ReusableAssets/ParticleSystems/P_PulseRing.uasset" 45
"../../../Engine/Content/Functions/Engine_MaterialFunctions02/Utility/Swizzle.uasset" 46
"../../../Engine/Content/Functions/Engine_MaterialFunctions02/Utility/VectorToRadialValue.uasset" 47
"../../../SpaceTypingTutor/Content/ReusableAssets/RadialProgress/T_RadialProgress.uasset" 48
"../../../SpaceTypingTutor/Content/ReusableAssets/RadialProgress/M_RadialProgress.uasset" 49
"../../../SpaceTypingTutor/Content/ReusableAssets/RadialProgress/SM_RadialProgress.uasset" 50
"../../../SpaceTypingTutor/Content/UserInterfaceSFX/Attenuation/Interface_att.uasset" 51
"../../../SpaceTypingTutor/Content/UserInterfaceSFX/Select/Wavs/select13.uasset" 52
"../../../SpaceTypingTutor/Content/UserInterfaceSFX/Select/select13_Cue.uasset" 53
"../../../SpaceTypingTutor/Content/ReusableAssets/Crosshair/CrosshairActor.uasset" 54
"../../../SpaceTypingTutor/Content/ReusableAssets/Keyboard/E_KeyType.uasset" 55
"../../../SpaceTypingTutor/Content/ReusableAssets/Keyboard/KeyboardKeySpec.uasset" 56
"../../../SpaceTypingTutor/Content/Typewriter/C_KeySequenceDetector.uasset" 57
"../../../SpaceTypingTutor/Content/ReusableAssets/Keyboard/BP_KeyEventListener.uasset" 58
"../../../SpaceTypingTutor/Content/ReusableAssets/MessageBox/BP_ModalDarkroom.uasset" 59
"../../../SpaceTypingTutor/Content/ReusableAssets/MessageBox/WBP_MessageBoxContents.uasset" 60
"../../../SpaceTypingTutor/Content/ReusableAssets/MessageBox/BP_MessageBoxContents.uasset" 61
"../../../Engine/Content/EngineVolumetrics/Fogsheet/Materials/T_EV_FogSheet_Falloff_02.uasset" 62
"../../../SpaceTypingTutor/Content/ReusableAssets/MessageBox/M_TextBox_Background_Color.uasset" 63
"../../../SpaceTypingTutor/Content/ReusableAssets/MessageBox/S_TextBox_Border_Background.uasset" 64
"../../../SpaceTypingTutor/Content/ReusableAssets/MessageBox/M_TextBox_Color.uasset" 65
"../../../SpaceTypingTutor/Content/ReusableAssets/MessageBox/M_TextBox_Background_Color_Edge_Inst.uasset" 66
"../../../SpaceTypingTutor/Content/ReusableAssets/MessageBox/S_TextBox_Border_Corner.uasset" 67
"../../../SpaceTypingTutor/Content/ReusableAssets/MessageBox/S_TextBox_Border_Segment.uasset" 68
"../../../SpaceTypingTutor/Content/ReusableAssets/MessageBox/BP_MessageBox.uasset" 69
"../../../SpaceTypingTutor/Content/UniversalSoundFX/Sound_Effects/WHOOSHES/WHOOSH_Miss_mono.uasset" 70
"../../../SpaceTypingTutor/Content/ReusableAssets/MessageBox/BP_MessageBoxManager.uasset" 71
"../../../SpaceTypingTutor/Content/ReusableAssets/Utilities/BC_MessageDepot.uasset" 72
"../../../SpaceTypingTutor/Content/Typewriter/S_KeyboardLesson.uasset" 73
"../../../SpaceTypingTutor/Content/Typewriter/BPI_LessonData.uasset" 74
"../../../SpaceTypingTutor/Content/ReusableAssets/Utilities/BPI_PMM.uasset" 75
"../../../SpaceTypingTutor/Content/ReusableAssets/MessageBox/BP_EscapeMenu.uasset" 76
"../../../SpaceTypingTutor/Content/ReusableAssets/Utilities/BC_AmbientSound.uasset" 77
"../../../SpaceTypingTutor/Content/ReusableAssets/Utilities/BC_InputHelper.uasset" 78
"../../../SpaceTypingTutor/Content/ReusableAssets/Utilities/BC_LevelLoader.uasset" 79
"../../../SpaceTypingTutor/Content/ReusableAssets/Utilities/BP_GarbageCollectorDebugger.uasset" 80
"../../../SpaceTypingTutor/Content/ReusableAssets/Utilities/StandardSetup.uasset" 81
"../../../SpaceTypingTutor/Content/ReusableAssets/Utilities/Tweaker/BP_TweakerTool.uasset" 82
"../../../SpaceTypingTutor/Content/Typewriter/BC_KeyboardLessonData.uasset" 83
"../../../SpaceTypingTutor/Content/ReusableAssets/Utilities/BP_PersistentMapManager.uasset" 84
"../../../SpaceTypingTutor/Content/ReusableAssets/Utilities/BC_PMMAccess.uasset" 85
"../../../SpaceTypingTutor/Content/Typewriter/CreditsMap/BP_SettingsMapActor.uasset" 86
"../../../Engine/Content/Functions/Engine_MaterialFunctions01/Opacity/CameraDepthFade.uasset" 87
"../../../Engine/Content/EngineMaterials/T_Default_Material_Grid_M.uasset" 88
"../../../Engine/Content/EngineMaterials/T_Default_Material_Grid_N.uasset" 89
"../../../Engine/Content/EngineMaterials/WorldGridMaterial.uasset" 90
"../../../SpaceTypingTutor/Content/StarterContent/Props/MaterialSphere.uasset" 91
"../../../SpaceTypingTutor/Content/ReusableAssets/StationaryPawn.uasset" 92
"../../../SpaceTypingTutor/Content/ReusableAssets/StationaryGameMode.uasset" 93
"../../../SpaceTypingTutor/Content/Maps/SettingsMap.umap" 94
"../../../SpaceTypingTutor/Content/ReusableAssets/Buttons/BP_RadioButtonBar.uasset" 95
"../../../SpaceTypingTutor/Content/ReusableAssets/Components/BC_DelayedDestroy.uasset" 96
"../../../SpaceTypingTutor/Content/ReusableAssets/Keyboard/ST_KeyData.uasset" 97
"../../../SpaceTypingTutor/Content/ReusableAssets/Keyboard/BP_TypewriterDelegateInterface.uasset" 98
"../../../SpaceTypingTutor/Content/ReusableAssets/Icons/Add.uasset" 99
"../../../SpaceTypingTutor/Content/ReusableAssets/Icons/Backspace.uasset" 100
"../../../SpaceTypingTutor/Content/ReusableAssets/Icons/CapsLock.uasset" 101
"../../../SpaceTypingTutor/Content/ReusableAssets/Icons/E_KeyboardIcons.uasset" 102
"../../../SpaceTypingTutor/Content/ReusableAssets/Icons/Enter.uasset" 103
"../../../SpaceTypingTutor/Content/ReusableAssets/Icons/Shift.uasset" 104
"../../../SpaceTypingTutor/Content/ReusableAssets/Icons/Space.uasset" 105
"../../../SpaceTypingTutor/Content/ReusableAssets/Icons/Tab.uasset" 106
"../../../SpaceTypingTutor/Content/ReusableAssets/Keyboard/WBP_SingleCharacter.uasset" 107
"../../../Engine/Content/ArtTools/RenderToTexture/Meshes/S_1_Unit_Sphere.uasset" 108
"../../../SpaceTypingTutor/Content/ReusableAssets/Keyboard/KeyMeshes/lambert1.uasset" 109
"../../../SpaceTypingTutor/Content/ReusableAssets/Keyboard/KeyMeshes/SM_key_single.uasset" 110
"../../../SpaceTypingTutor/Content/Environment/textures/T_Smoke_Fill_NEW.uasset" 111
"../../../SpaceTypingTutor/Content/Environment/materials/dust_01.uasset" 112
"../../../SpaceTypingTutor/Content/ReusableAssets/Keyboard/KeyPuff.uasset" 113
"../../../SpaceTypingTutor/Content/StarterContent/Shapes/Shape_Cylinder.uasset" 114
"../../../SpaceTypingTutor/Content/ReusableAssets/Keyboard/BP_TypewriterKey.uasset" 115
"../../../SpaceTypingTutor/Content/UniversalSoundFX/Sound_Effects/USER_INTERFACES/Clicks_and_Taps/UI_Click_Aftertap_mono.uasset" 116
"../../../SpaceTypingTutor/Content/UniversalSoundFX/Sound_Effects/USER_INTERFACES/Clicks_and_Taps/UI_Click_Distinct_mono.uasset" 117
"../../../SpaceTypingTutor/Content/ReusableAssets/Keyboard/BP_Typewriter.uasset" 118
"../../../SpaceTypingTutor/Content/ReusableAssets/LEDBoard/S_LEDXY.uasset" 119
"../../../SpaceTypingTutor/Content/ReusableAssets/LEDBoard/BP_LEDAlphabet.uasset" 120
"../../../SpaceTypingTutor/Content/ReusableAssets/LEDBoard/BP_LEDLetter.uasset" 121
"../../../SpaceTypingTutor/Content/ReusableAssets/LEDBoard/S_LED_Digit.uasset" 122
"../../../SpaceTypingTutor/Content/ReusableAssets/LEDBoard/BP_LEDPhrase.uasset" 123
"../../../SpaceTypingTutor/Content/ReusableAssets/LEDBoard/BP_LEDLayout.uasset" 124
"../../../SpaceTypingTutor/Content/ReusableAssets/LEDBoard/BP_LEDSentence.uasset" 125
"../../../SpaceTypingTutor/Content/ReusableAssets/LEDBoard/BP_LEDTimer.uasset" 126
"../../../SpaceTypingTutor/Content/Textures/Dev/dev_black.uasset" 127
"../../../SpaceTypingTutor/Content/Textures/Dev/dev_grey_a.uasset" 128
"../../../SpaceTypingTutor/Content/Textures/Dev/dev_normal_a.uasset" 129
"../../../SpaceTypingTutor/Content/Textures/Dev/dev_white_a.uasset" 130
"../../../SpaceTypingTutor/Content/Materials/Master_Tiling_A.uasset" 131
"../../../SpaceTypingTutor/Content/Textures/Tiling/Metal/metal_01_d.uasset" 132
"../../../SpaceTypingTutor/Content/Textures/Tiling/Metal/metal_01_masks.uasset" 133
"../../../SpaceTypingTutor/Content/Materials/Common/Metal/Metal_Glossy_A.uasset" 134
"../../../SpaceTypingTutor/Content/Textures/Tiling/Wood/wood_01_d.uasset" 135
"../../../SpaceTypingTutor/Content/Textures/Tiling/Wood/wood_01_masks.uasset" 136
"../../../SpaceTypingTutor/Content/Textures/Tiling/Wood/wood_01_n.uasset" 137
"../../../SpaceTypingTutor/Content/Materials/Common/Wood/Wood_Gloss_A.uasset" 138
"../../../SpaceTypingTutor/Content/Textures/Tiling/Floor/floor_tiling_circle_a_height.uasset" 139
"../../../SpaceTypingTutor/Content/Materials/Master_Props_A.uasset" 140
"../../../SpaceTypingTutor/Content/Textures/Props/Habitation/prop_greebles_b_d.uasset" 141
"../../../SpaceTypingTutor/Content/Textures/Props/Habitation/prop_greebles_b_mask.uasset" 142
"../../../SpaceTypingTutor/Content/Textures/Props/Habitation/prop_greebles_b_n.uasset" 143
"../../../SpaceTypingTutor/Content/Materials/Props/Habitation/prop_greebles_b.uasset" 144
"../../../SpaceTypingTutor/Content/Environment/Archetypes/Bunk_A/Cupboards/cupboards_bunk_top_medium_a.uasset" 145
"../../../SpaceTypingTutor/Content/ReusableAssets/LEDBoard/BP_LEDSign.uasset" 146
"../../../SpaceTypingTutor/Content/UserInterfaceSFX/Cancel/Wavs/cancel_error06.uasset" 147
"../../../SpaceTypingTutor/Content/UserInterfaceSFX/Cancel/cancel_error06_Cue.uasset" 148
"../../../SpaceTypingTutor/Content/ReusableAssets/MessageBox/BP_ThreeTwoOne.uasset" 149
"../../../SpaceTypingTutor/Content/ReusableAssets/Utilities/BP_LightCameraShake.uasset" 150
"../../../SpaceTypingTutor/Content/ModelViewerMap/PoliceCar/Carrosserie_bleu.uasset" 151
"../../../SpaceTypingTutor/Content/Typewriter/FingerEnum.uasset" 152
"../../../SpaceTypingTutor/Content/Typewriter/BP_FingerIndicator.uasset" 153
"../../../SpaceTypingTutor/Content/Ambience/Wavs/Dark_Void_Amb.uasset" 154
"../../../SpaceTypingTutor/Content/Typewriter/DrillMap/SpeedTyperActor.uasset" 155
"../../../SpaceTypingTutor/Content/Maps/SpeedTyperMap.umap" 156
"../../../SpaceTypingTutor/Content/UMGColorPicker/UMG/Themes/SavedTheme.uasset" 157
"../../../SpaceTypingTutor/Content/UMGColorPicker/UMG/Themes/SavedThemes.uasset" 158
"../../../SpaceTypingTutor/Content/UMGColorPicker/Textures/Button.uasset" 159
"../../../SpaceTypingTutor/Content/UMGColorPicker/Textures/Cross.uasset" 160
"../../../Engine/Content/Functions/Engine_MaterialFunctions02/Utility/BreakOutFloat2Components.uasset" 161
"../../../Engine/Content/ArtTools/RenderToTexture/MaterialFunctions/CheckerPattern.uasset" 162
"../../../SpaceTypingTutor/Content/UMGColorPicker/Materials/ColorPicker/M_ColorChecker.uasset" 163
"../../../SpaceTypingTutor/Content/UMGColorPicker/UMG/Themes/ThemeColorImage.uasset" 164
"../../../SpaceTypingTutor/Content/UMGColorPicker/UMG/Themes/SavedThemeWidget.uasset" 165
"../../../SpaceTypingTutor/Content/UMGColorPicker/Textures/Minus.uasset" 166
"../../../SpaceTypingTutor/Content/UMGColorPicker/UMG/Themes/ThemeColorButton.uasset" 167
"../../../Engine/Content/Functions/Engine_MaterialFunctions01/Gradient/LinearGradient.uasset" 168
"../../../Engine/Content/Functions/Engine_MaterialFunctions02/ExampleContent/Textures/newhplaneLightingMap.uasset" 169
"../../../Engine/Content/Functions/Engine_MaterialFunctions02/HueShift.uasset" 170
"../../../SpaceTypingTutor/Content/UMGColorPicker/Textures/ColorWheel.uasset" 171
"../../../SpaceTypingTutor/Content/UMGColorPicker/Materials/ColorPicker/M_ColorWheel.uasset" 172
"../../../SpaceTypingTutor/Content/UMGColorPicker/Materials/ColorPicker/M_ColorGradient.uasset" 173
"../../../SpaceTypingTutor/Content/UMGColorPicker/Materials/ColorPicker/M_ColorGradient_A.uasset" 174
"../../../SpaceTypingTutor/Content/UMGColorPicker/Materials/ColorPicker/M_ColorGradient_B.uasset" 175
"../../../SpaceTypingTutor/Content/UMGColorPicker/Materials/ColorPicker/M_ColorGradient_G.uasset" 176
"../../../SpaceTypingTutor/Content/UMGColorPicker/Materials/ColorPicker/M_ColorGradient_R.uasset" 177
"../../../SpaceTypingTutor/Content/UMGColorPicker/Materials/ColorPicker/M_ColorGradient_Saturation.uasset" 178
"../../../SpaceTypingTutor/Content/UMGColorPicker/Materials/ColorPicker/M_ColorGradient_Saturation_H.uasset" 179
"../../../SpaceTypingTutor/Content/UMGColorPicker/Materials/ColorPicker/M_ColorGradient_Value.uasset" 180
"../../../SpaceTypingTutor/Content/UMGColorPicker/Materials/ColorPicker/M_ColorGradient_Value_H.uasset" 181
"../../../SpaceTypingTutor/Content/UMGColorPicker/Materials/ColorPicker/M_ColorWheel_Gradient.uasset" 182
"../../../SpaceTypingTutor/Content/UMGColorPicker/Textures/Arrow.uasset" 183
"../../../SpaceTypingTutor/Content/UMGColorPicker/Textures/ColorPicker.uasset" 184
"../../../SpaceTypingTutor/Content/UMGColorPicker/Textures/ColorSliderThumb.uasset" 185
"../../../SpaceTypingTutor/Content/UMGColorPicker/Textures/HarmonyTextures/Analogous.uasset" 186
"../../../SpaceTypingTutor/Content/UMGColorPicker/Textures/HarmonyTextures/Complementary.uasset" 187
"../../../SpaceTypingTutor/Content/UMGColorPicker/Textures/HarmonyTextures/Monochromatic.uasset" 188
"../../../SpaceTypingTutor/Content/UMGColorPicker/Textures/HarmonyTextures/SingleColor.uasset" 189
"../../../SpaceTypingTutor/Content/UMGColorPicker/Textures/HarmonyTextures/SplitComplementary.uasset" 190
"../../../SpaceTypingTutor/Content/UMGColorPicker/Textures/HarmonyTextures/Triadic.uasset" 191
"../../../SpaceTypingTutor/Content/UMGColorPicker/Textures/NewIcon.uasset" 192
"../../../SpaceTypingTutor/Content/UMGColorPicker/Textures/Plus.uasset" 193
"../../../SpaceTypingTutor/Content/UMGColorPicker/Textures/RandomColor.uasset" 194
"../../../SpaceTypingTutor/Content/UMGColorPicker/Textures/Rename.uasset" 195
"../../../SpaceTypingTutor/Content/UMGColorPicker/Textures/Reset.uasset" 196
"../../../SpaceTypingTutor/Content/UMGColorPicker/Textures/SaveTheme.uasset" 197
"../../../SpaceTypingTutor/Content/UMGColorPicker/Textures/WidgetBackground.uasset" 198
"../../../SpaceTypingTutor/Content/UMGColorPicker/UMG/ColorPickerWidget.uasset" 199
"../../../SpaceTypingTutor/Content/Typewriter/LessonEditor/BP_GridBackground.uasset" 200
"../../../SpaceTypingTutor/Content/Typewriter/LessonEditor/E_GridItemType.uasset" 201
"../../../SpaceTypingTutor/Content/Typewriter/LessonEditor/S_GridDataNode.uasset" 202
"../../../SpaceTypingTutor/Content/Typewriter/LessonEditor/S_GridItemData.uasset" 203
"../../../SpaceTypingTutor/Content/Typewriter/LessonEditor/BP_GridItem.uasset" 204
"../../../SpaceTypingTutor/Content/Typewriter/LessonEditor/BP_GridItemPage.uasset" 205
"../../../SpaceTypingTutor/Content/Typewriter/LessonEditor/BP_LineCursor.uasset" 206
"../../../SpaceTypingTutor/Content/Typewriter/LessonEditor/BP_LineLetter.uasset" 207
"../../../SpaceTypingTutor/Content/Typewriter/LessonEditor/BP_LineEditor.uasset" 208
"../../../SpaceTypingTutor/Content/Typewriter/LessonEditor/BP_GridItemPager.uasset" 209
"../../../SpaceTypingTutor/Content/Typewriter/LessonEditor/LessonEditorActor.uasset" 210
"../../../SpaceTypingTutor/Content/Maps/LessonEditorMap.umap" 211
"../../../Engine/Content/EditorMeshes/EditorSphere.uasset" 212
"../../../SpaceTypingTutor/Content/ReusableAssets/Lights/BP_Spotlightbar.uasset" 213
"../../../SpaceTypingTutor/Content/UserInterfaceSFX/Starts/Wavs/start10.uasset" 214
"../../../SpaceTypingTutor/Content/Typewriter/BP_LevelCompleted.uasset" 215
"../../../SpaceTypingTutor/Content/ReusableAssets/Components/BC_Bouncer.uasset" 216
"../../../SpaceTypingTutor/Content/StarterContent/Shapes/Shape_QuadPyramid.uasset" 217
"../../../SpaceTypingTutor/Content/Typewriter/BP_PyramidPointer.uasset" 218
"../../../SpaceTypingTutor/Content/ReusableAssets/Keyboard/SM_TypewriterKey.uasset" 219
"../../../SpaceTypingTutor/Content/Typewriter/BP_SentenceLetter.uasset" 220
"../../../SpaceTypingTutor/Content/StarterContent/Audio/Explosion01.uasset" 221
"../../../SpaceTypingTutor/Content/StarterContent/Textures/T_Burst_M.uasset" 222
"../../../SpaceTypingTutor/Content/StarterContent/Particles/Materials/M_Burst.uasset" 223
"../../../SpaceTypingTutor/Content/StarterContent/Textures/T_Explosion_SubUV.uasset" 224
"../../../SpaceTypingTutor/Content/StarterContent/Particles/Materials/M_explosion_subUV.uasset" 225
"../../../SpaceTypingTutor/Content/StarterContent/Particles/Materials/m_flare_01.uasset" 226
"../../../Engine/Content/Functions/Engine_MaterialFunctions01/Gradient/RadialGradient.uasset" 227
"../../../SpaceTypingTutor/Content/StarterContent/Particles/Materials/M_radial_ramp.uasset" 228
"../../../SpaceTypingTutor/Content/StarterContent/Textures/T_Smoke_SubUV.uasset" 229
"../../../SpaceTypingTutor/Content/StarterContent/Textures/T_Smoke_Tiled_D.uasset" 230
"../../../SpaceTypingTutor/Content/StarterContent/Particles/Materials/M_smoke_subUV.uasset" 231
"../../../SpaceTypingTutor/Content/StarterContent/Particles/P_Explosion.uasset" 232
"../../../SpaceTypingTutor/Content/Typewriter/BP_Sentence.uasset" 233
"../../../SpaceTypingTutor/Content/Typewriter/StartBeep.uasset" 234
"../../../SpaceTypingTutor/Content/UserInterfaceSFX/Cancel/Wavs/cancel_error02.uasset" 235
"../../../SpaceTypingTutor/Content/UserInterfaceSFX/Cancel/cancel_error02_Cue.uasset" 236
"../../../SpaceTypingTutor/Content/Typewriter/BP_SentenceSpawner.uasset" 237
"../../../SpaceTypingTutor/Content/Typewriter/BP_WordsPerMinute.uasset" 238
"../../../SpaceTypingTutor/Content/Typewriter/LessonMap/SC_KeyboardMusicLoop.uasset" 239
"../../../SpaceTypingTutor/Content/UniversalSoundFX/Sound_Effects/DOORS_and_GATES/DOOR_Metal_Hollow_Deep_Close_mono.uasset" 240
"../../../SpaceTypingTutor/Content/Typewriter/BP_TypingGame.uasset" 241
"../../../SpaceTypingTutor/Content/Maps/Typewriter.umap" 242
"../../../SpaceTypingTutor/Content/ReusableAssets/Components/BC_StayInFrontOfCamera.uasset" 243
"../../../SpaceTypingTutor/Content/ReusableAssets/ProgressBoxes/MT_ProgressBox.uasset" 244
"../../../SpaceTypingTutor/Content/ReusableAssets/ProgressBoxes/BP_ProgressBoxes.uasset" 245
"../../../SpaceTypingTutor/Content/ReusableAssets/TextFadeIntro/WBP_TextMessage.uasset" 246
"../../../SpaceTypingTutor/Content/ReusableAssets/TextFadeIntro/BP_TextActor.uasset" 247
"../../../SpaceTypingTutor/Content/ReusableAssets/CircleA/CircleA.uasset" 248
"../../../SpaceTypingTutor/Content/ReusableAssets/CircleA/BPW_PressAToSelect.uasset" 249
"../../../SpaceTypingTutor/Content/Ambience/Wavs/Nebula_Amb.uasset" 250
"../../../SpaceTypingTutor/Content/ReusableAssets/TextFadeIntro/SC_TextIntroMapMusic.uasset" 251
"../../../SpaceTypingTutor/Content/ReusableAssets/TextFadeIntro/BP_TextDisplay.uasset" 252
"../../../SpaceTypingTutor/Content/SpaceBox_Dark/Textures/HD/Tinale/Back.uasset" 253
"../../../SpaceTypingTutor/Content/SpaceBox_Dark/Materials/HD/Tinale/Mat_HD_Tinale_Back.uasset" 254
"../../../SpaceTypingTutor/Content/SpaceBox_Dark/Textures/HD/Tinale/Down.uasset" 255
"../../../SpaceTypingTutor/Content/SpaceBox_Dark/Materials/HD/Tinale/Mat_HD_Tinale_Down.uasset" 256
"../../../SpaceTypingTutor/Content/SpaceBox_Dark/Textures/HD/Tinale/Front.uasset" 257
"../../../SpaceTypingTutor/Content/SpaceBox_Dark/Materials/HD/Tinale/Mat_HD_Tinale_Front.uasset" 258
"../../../SpaceTypingTutor/Content/SpaceBox_Dark/Textures/HD/Tinale/Left.uasset" 259
"../../../SpaceTypingTutor/Content/SpaceBox_Dark/Materials/HD/Tinale/Mat_HD_Tinale_Left.uasset" 260
"../../../SpaceTypingTutor/Content/SpaceBox_Dark/Textures/HD/Tinale/Right.uasset" 261
"../../../SpaceTypingTutor/Content/SpaceBox_Dark/Materials/HD/Tinale/Mat_HD_Tinale_Right.uasset" 262
"../../../SpaceTypingTutor/Content/SpaceBox_Dark/Textures/HD/Tinale/Up.uasset" 263
"../../../SpaceTypingTutor/Content/SpaceBox_Dark/Materials/HD/Tinale/Mat_HD_Tinale_Up.uasset" 264
"../../../SpaceTypingTutor/Content/SpaceBox_Dark/Meshes/HD/Back.uasset" 265
"../../../SpaceTypingTutor/Content/SpaceBox_Dark/Meshes/HD/Down.uasset" 266
"../../../SpaceTypingTutor/Content/SpaceBox_Dark/Meshes/HD/Front.uasset" 267
"../../../SpaceTypingTutor/Content/SpaceBox_Dark/Meshes/HD/Left.uasset" 268
"../../../SpaceTypingTutor/Content/SpaceBox_Dark/Meshes/HD/Right.uasset" 269
"../../../SpaceTypingTutor/Content/SpaceBox_Dark/Meshes/HD/Up.uasset" 270
"../../../SpaceTypingTutor/Content/SpaceBox_Dark/Blueprints/HD/BP_SB4K_HD_Tinale.uasset" 271
"../../../SpaceTypingTutor/Content/StartMap/M_SpaceParticle.uasset" 272
"../../../SpaceTypingTutor/Content/ReusableAssets/ParticleSystems/FlyingStars.uasset" 273
"../../../SpaceTypingTutor/Content/Maps/TextIntroMap.umap" 274
"../../../SpaceTypingTutor/Content/Maps/PeristentLevelMap.umap" 275
"../../../Engine/Content/EngineMaterials/DefaultMaterial.uasset" 276
"../../../Engine/Content/EngineMaterials/DefaultDiffuse.uasset" 277
"../../../Engine/Content/EngineMaterials/DefaultNormal.uasset" 278
"../../../Engine/Content/Maps/Entry.umap" 279
"../../../SpaceTypingTutor/Content/ReusableAssets/Buttons/BP_ButtonBar.uasset" 280
"../../../SpaceTypingTutor/Content/ReusableAssets/Fonts/AIRSTREAM.uasset" 281
"../../../SpaceTypingTutor/Content/ReusableAssets/TextFadeIntro/WBP_MainTitle.uasset" 282
"../../../SpaceTypingTutor/Content/ReusableAssets/TextFadeIntro/BP_MainTitle.uasset" 283
"../../../SpaceTypingTutor/Content/VectorFields/Materials/M_ViewDotProduct.uasset" 284
"../../../SpaceTypingTutor/Content/VectorFields/Textures/collider1.uasset" 285
"../../../SpaceTypingTutor/Content/Vectorfields/Particles/P_Atom.uasset" 286
"../../../Engine/Content/EngineVolumetrics/LightBeam/Materials/T_EV_LightBeam_Falloff_01.uasset" 287
"../../../SpaceTypingTutor/Content/VectorFields/Textures/T_Space.uasset" 288
"../../../SpaceTypingTutor/Content/VectorFields/Materials/M_Abduction_Beam.uasset" 289
"../../../SpaceTypingTutor/Content/Vectorfields/Particles/P_Aura.uasset" 290
"../../../SpaceTypingTutor/Content/VectorFields/Materials/M_radial_ramp.uasset" 291
"../../../SpaceTypingTutor/Content/Vectorfields/Particles/P_barrier2.uasset" 292
"../../../SpaceTypingTutor/Content/VectorFields/Textures/vortex2.uasset" 293
"../../../SpaceTypingTutor/Content/Vectorfields/Particles/P_Billowing.uasset" 294
"../../../SpaceTypingTutor/Content/VectorFields/Textures/dblBarrier.uasset" 295
"../../../SpaceTypingTutor/Content/Vectorfields/Particles/P_Blender.uasset" 296
"../../../SpaceTypingTutor/Content/VectorFields/Textures/Nukecloudvel.uasset" 297
"../../../SpaceTypingTutor/Content/Vectorfields/Particles/P_CameraDistance.uasset" 298
"../../../SpaceTypingTutor/Content/VectorFields/Materials/M_Radius_Glow.uasset" 299
"../../../SpaceTypingTutor/Content/VectorFields/Textures/motionfield1.uasset" 300
"../../../SpaceTypingTutor/Content/Vectorfields/Particles/P_Conduit.uasset" 301
"../../../SpaceTypingTutor/Content/VectorFields/Textures/vortex1.uasset" 302
"../../../SpaceTypingTutor/Content/Vectorfields/Particles/P_DustDevil.uasset" 303
"../../../SpaceTypingTutor/Content/VectorFields/Materials/T_Droplets_LitShaded_D.uasset" 304
"../../../SpaceTypingTutor/Content/VectorFields/Materials/T_Droplets_N.uasset" 305
"../../../SpaceTypingTutor/Content/VectorFields/Materials/M_Water_Droplet.uasset" 306
"../../../SpaceTypingTutor/Content/VectorFields/Textures/bulge1.uasset" 307
"../../../SpaceTypingTutor/Content/Vectorfields/Particles/P_EddyCurrent.uasset" 308
"../../../SpaceTypingTutor/Content/Vectorfields/Particles/P_EnergyWall.uasset" 309
"../../../SpaceTypingTutor/Content/Vectorfields/Particles/P_EnergyWall2.uasset" 310
"../../../SpaceTypingTutor/Content/VectorFields/Textures/shielded.uasset" 311
"../../../SpaceTypingTutor/Content/Vectorfields/Particles/P_EventHorizon.uasset" 312
"../../../SpaceTypingTutor/Content/VectorFields/Textures/T_explo_SubUV.uasset" 313
"../../../SpaceTypingTutor/Content/VectorFields/Materials/M_explosion_subUV.uasset" 314
"../../../SpaceTypingTutor/Content/Vectorfields/Particles/P_FireJet.uasset" 315
"../../../SpaceTypingTutor/Content/Vectorfields/Particles/P_Fishes.uasset" 316
"../../../SpaceTypingTutor/Content/VectorFields/Textures/T_Fire_subUV_01.uasset" 317
"../../../SpaceTypingTutor/Content/VectorFields/Textures/T_Fire_tile.uasset" 318
"../../../SpaceTypingTutor/Content/VectorFields/Materials/M_Fire.uasset" 319
"../../../SpaceTypingTutor/Content/Vectorfields/Particles/P_FlameShield.uasset" 320
"../../../SpaceTypingTutor/Content/Vectorfields/Particles/P_ForceField.uasset" 321
"../../../SpaceTypingTutor/Content/VectorFields/Textures/T_Smoke_Tiled_D.uasset" 322
"../../../SpaceTypingTutor/Content/VectorFields/Textures/T_SmokeSubUV_8X8.uasset" 323
"../../../SpaceTypingTutor/Content/VectorFields/Materials/M_smoke_subUV.uasset" 324
"../../../SpaceTypingTutor/Content/Vectorfields/Particles/P_Froth2.uasset" 325
"../../../SpaceTypingTutor/Content/Vectorfields/Particles/P_Fumes.uasset" 326
"../../../SpaceTypingTutor/Content/VectorFields/Textures/spiral1.uasset" 327
"../../../SpaceTypingTutor/Content/Vectorfields/Particles/P_Gateway.uasset" 328
"../../../SpaceTypingTutor/Content/Vectorfields/Particles/P_GeoPole.uasset" 329
"../../../SpaceTypingTutor/Content/Vectorfields/Particles/P_globalBombPop.uasset" 330
"../../../SpaceTypingTutor/Content/Vectorfields/Particles/P_globalSteamTight.uasset" 331
"../../../SpaceTypingTutor/Content/Vectorfields/Particles/P_GroundFire.uasset" 332
"../../../SpaceTypingTutor/Content/VectorFields/Textures/vel_1.uasset" 333
"../../../SpaceTypingTutor/Content/Vectorfields/Particles/P_Infinity.uasset" 334
"../../../SpaceTypingTutor/Content/VectorFields/Textures/poles1.uasset" 335
"../../../SpaceTypingTutor/Content/Vectorfields/Particles/P_Interdimensional.uasset" 336
"../../../SpaceTypingTutor/Content/Vectorfields/Particles/P_Intersection.uasset" 337
"../../../SpaceTypingTutor/Content/Vectorfields/Particles/P_Magneto.uasset" 338
"../../../SpaceTypingTutor/Content/VectorFields/Character/HeroTPP_Physics.uasset" 339
"../../../SpaceTypingTutor/Content/VectorFields/Character/HeroTPP_Skeleton.uasset" 340
"../../../SpaceTypingTutor/Content/VectorFields/Character/HeroTPP.uasset" 341
"../../../SpaceTypingTutor/Content/Vectorfields/Particles/P_Napalm.uasset" 342
"../../../SpaceTypingTutor/Content/Vectorfields/Particles/P_Nova.uasset" 343
"../../../SpaceTypingTutor/Content/VectorFields/Textures/motionfield2.uasset" 344
"../../../SpaceTypingTutor/Content/Vectorfields/Particles/P_Nucleus.uasset" 345
"../../../SpaceTypingTutor/Content/Vectorfields/Particles/P_Nuke.uasset" 346
"../../../SpaceTypingTutor/Content/VectorFields/Textures/vortexMushroom.uasset" 347
"../../../SpaceTypingTutor/Content/Vectorfields/Particles/P_PoisonVent.uasset" 348
"../../../SpaceTypingTutor/Content/Vectorfields/Particles/P_PortalShaft.uasset" 349
"../../../SpaceTypingTutor/Content/Vectorfields/Particles/P_Radiation.uasset" 350
"../../../SpaceTypingTutor/Content/Vectorfields/Particles/P_ramaTest.uasset" 351
"../../../Engine/Content/Engine_MI_Shaders/T_Cubemap_01.uasset" 352
"../../../SpaceTypingTutor/Content/VectorFields/Textures/T_Caustics.uasset" 353
"../../../SpaceTypingTutor/Content/VectorFields/Textures/T_raindrop.uasset" 354
"../../../SpaceTypingTutor/Content/VectorFields/Textures/T_raindrop_normal.uasset" 355
"../../../SpaceTypingTutor/Content/VectorFields/Textures/TilingNoise06_N.uasset" 356
"../../../SpaceTypingTutor/Content/VectorFields/Materials/M_raindrop.uasset" 357
"../../../SpaceTypingTutor/Content/Vectorfields/Particles/P_Sprinkler.uasset" 358
"../../../SpaceTypingTutor/Content/Vectorfields/Particles/P_Subduction.uasset" 359
"../../../SpaceTypingTutor/Content/Vectorfields/Particles/P_Suction.uasset" 360
"../../../SpaceTypingTutor/Content/Vectorfields/Particles/P_Swarm.uasset" 361
"../../../SpaceTypingTutor/Content/Vectorfields/Particles/P_Thaw.uasset" 362
"../../../SpaceTypingTutor/Content/Vectorfields/Particles/P_Tornado.uasset" 363
"../../../SpaceTypingTutor/Content/Vectorfields/Particles/P_vectorfield_global_Shield.uasset" 364
"../../../SpaceTypingTutor/Content/Vectorfields/Particles/P_WaveSplash.uasset" 365
"../../../SpaceTypingTutor/Content/VectorFields/Textures/bulge2.uasset" 366
"../../../SpaceTypingTutor/Content/Vectorfields/Particles/P_WhiteDwarf.uasset" 367
"../../../SpaceTypingTutor/Content/Vectorfields/Particles/P_Wisps.uasset" 368
"../../../SpaceTypingTutor/Content/Vectorfields/Particles/P_Wormhole.uasset" 369
"../../../SpaceTypingTutor/Content/Typewriter/BP_ParticleSystemActor.uasset" 370
"../../../SpaceTypingTutor/Content/Typewriter/FloorSubmap/BP_FloorSubMapActor.uasset" 371
"../../../SpaceTypingTutor/Content/Music/Wavs/Xperimental_Ambient.uasset" 372
"../../../SpaceTypingTutor/Content/Typewriter/LessonMap/SC_KeyboardLessonMusic.uasset" 373
"../../../SpaceTypingTutor/Content/Typewriter/LessonMap/BP_KeyboardLessonsMap.uasset" 374
"../../../SpaceTypingTutor/Content/Maps/KeyboardLessons.umap" 375
"../../../SpaceTypingTutor/Content/ReusableAssets/LEDBoard/E_PentagramAnimations.uasset" 376
"../../../SpaceTypingTutor/Content/ReusableAssets/LEDBoard/BP_Pentagram.uasset" 377
"../../../SpaceTypingTutor/Content/Typewriter/CreditsMap/BP_CreditsActor.uasset" 378
"../../../SpaceTypingTutor/Content/ReusableAssets/Utilities/C_GenericCurveLoop.uasset" 379
"../../../SpaceTypingTutor/Content/DemoRoom/Textures/T_UE4_Logo_M.uasset" 380
"../../../SpaceTypingTutor/Content/DemoRoom/Materials/M_UE4_Logo_2.uasset" 381
"../../../SpaceTypingTutor/Content/DemoRoom/Meshes/SM_UE4_Logo.uasset" 382
"../../../SpaceTypingTutor/Content/ReusableAssets/TextFadeIntro/BP_UE4Logo.uasset" 383
"../../../SpaceTypingTutor/Content/Maps/CreditsMap.umap" 384
"../../../SpaceTypingTutor/Content/StarterContent/Textures/T_MacroVariation.uasset" 385
"../../../SpaceTypingTutor/Content/StarterContent/Textures/T_Metal_Aluminum_D.uasset" 386
"../../../SpaceTypingTutor/Content/StarterContent/Textures/T_Metal_Gold_N.uasset" 387
"../../../SpaceTypingTutor/Content/StarterContent/Materials/M_Metal_Burnished_Steel.uasset" 388
"../../../Engine/Content/EngineSounds/ReverbSettings/Underwater.uasset" 389
"../../../Engine/Content/MapTemplates/SM_Template_Map_Floor.uasset" 390
"../../../Engine/Content/Functions/Engine_MaterialFunctions02/Utility/BlendAngleCorrectedNormals.uasset" 391
"../../../SpaceTypingTutor/Content/StarterContent/Textures/T_Detail_Rocky_N.uasset" 392
"../../../SpaceTypingTutor/Content/StarterContent/Textures/T_Rock_Basalt_D.uasset" 393
"../../../SpaceTypingTutor/Content/StarterContent/Textures/T_RockMesh_M.uasset" 394
"../../../SpaceTypingTutor/Content/StarterContent/Textures/T_RockMesh_N.uasset" 395
"../../../SpaceTypingTutor/Content/StarterContent/Props/Materials/M_Rock.uasset" 396
"../../../SpaceTypingTutor/Content/StarterContent/Props/SM_Rock.uasset" 397
"../../../SpaceTypingTutor/Content/Maps/FloorSubmap.umap" 398
"../../../SpaceTypingTutor/Content/ReusableAssets/Keyboard/KeyboardDemo/BP_DemoLetter.uasset" 399
"../../../SpaceTypingTutor/Content/ReusableAssets/Keyboard/KeyboardDemo/BP_DemoKeyboard.uasset" 400
"../../../SpaceTypingTutor/Content/ReusableAssets/TimeTunnel/C_LEDPatternFormula.uasset" 401
"../../../SpaceTypingTutor/Content/ReusableAssets/TimeTunnel/MT_LEDTunnel.uasset" 402
"../../../SpaceTypingTutor/Content/ReusableAssets/TimeTunnel/SM_SmallSphere.uasset" 403
"../../../SpaceTypingTutor/Content/ReusableAssets/TimeTunnel/BP_LEDTunnelSegment.uasset" 404
"../../../SpaceTypingTutor/Content/ReusableAssets/TimeTunnel/C_LEDSelectionPattern.uasset" 405
"../../../SpaceTypingTutor/Content/StarterContent/Particles/Materials/M_Radial_Gradient.uasset" 406
"../../../SpaceTypingTutor/Content/ReusableAssets/TimeTunnel/PS_LEDTunnel.uasset" 407
"../../../SpaceTypingTutor/Content/ReusableAssets/TimeTunnel/BP_LEDTunnel.uasset" 408
"../../../SpaceTypingTutor/Content/ReusableAssets/TextFadeIntro/BP_SpaceTunnelInto.uasset" 409
"../../../SpaceTypingTutor/Content/Maps/SpaceTunnelIntroMap.umap" 410
"../../../Engine/Content/EngineFonts/Roboto.uasset" 411
"../../../Engine/Content/Functions/Engine_MaterialFunctions01/Shading/PowerToRoughness.uasset" 412
"../../../Engine/Content/EngineMaterials/DefaultDeferredDecalMaterial.uasset" 413
"../../../Engine/Content/EngineMaterials/DefaultLightFunctionMaterial.uasset" 414
"../../../Engine/Content/EngineMaterials/DefaultPostProcessMaterial.uasset" 415
"../../../Engine/Content/EngineResources/DefaultTexture.uasset" 416
"../../../Engine/Content/Functions/Engine_MaterialFunctions02/Texturing/ScreenAlignedUVs.uasset" 417
"../../../Engine/Content/EngineResources/WhiteSquareTexture.uasset" 418
"../../../Engine/Content/EngineMaterials/Widget3DPassThrough.uasset" 419
"../../../Engine/Content/EngineMaterials/Widget3DPassThrough_Translucent.uasset" 420
"../../../Engine/Content/EngineMaterials/Widget3DPassThrough_Translucent_OneSided.uasset" 421
"../../../Engine/Content/EngineMaterials/Widget3DPassThrough_Opaque.uasset" 422
"../../../Engine/Content/EngineMaterials/Widget3DPassThrough_Opaque_OneSided.uasset" 423
"../../../Engine/Content/EngineMaterials/Widget3DPassThrough_Masked.uasset" 424
"../../../Engine/Content/EngineMaterials/Widget3DPassThrough_Masked_OneSided.uasset" 425
"../../../Engine/Content/EditorResources/S_Actor.uasset" 426
"../../../Engine/Content/Maps/Templates/Thumbnails/Default.uasset" 427
"../../../Engine/Content/EditorMaterials/ParticleSystems/PSysThumbnail_NoImage.uasset" 428
"../../../Engine/Content/EditorMaterials/ParticleSystems/PSysThumbnail_OOD.uasset" 429
"../../../Engine/Content/EditorLandscapeResources/DataLayer.uasset" 430
"../../../Engine/Content/EngineDamageTypes/DmgTypeBP_Environmental.uasset" 431
"../../../Engine/Content/EngineMeshes/Sphere.uasset" 432
"../../../Engine/Content/EngineMaterials/DefaultTextMaterialOpaque.uasset" 433
"../../../Engine/Content/EditorResources/S_Trigger.uasset" 434
"../../../Engine/Content/EngineResources/GradientTexture0.uasset" 435
"../../../Engine/Content/EditorMaterials/MatineeGroups/MAT_Groups_Float.uasset" 436
"../../../Engine/Content/EditorMaterials/MatineeGroups/MAT_Groups_Director.uasset" 437
"../../../Engine/Content/EditorMaterials/MatineeGroups/MAT_Groups_Event.uasset" 438
"../../../Engine/Content/EditorMaterials/MatineeGroups/MAT_Groups_Anim.uasset" 439
"../../../Engine/Content/EditorMaterials/MatineeGroups/MAT_Groups_Fade.uasset" 440
"../../../Engine/Content/EditorMaterials/MatineeGroups/MAT_Groups_Move.uasset" 441
"../../../Engine/Content/EditorMaterials/MatineeGroups/MAT_Groups_Slomo.uasset" 442
"../../../Engine/Content/EditorMaterials/MatineeGroups/MAT_ColorTrack.uasset" 443
"../../../Engine/Content/EditorMaterials/MAT_Groups_Toggle.uasset" 444
"../../../Engine/Content/EditorMaterials/MatineeGroups/MAT_Groups_AudioMaster.uasset" 445
"../../../Engine/Content/EditorMaterials/MatineeGroups/MAT_Groups_Sound.uasset" 446
"../../../Engine/Content/EditorMaterials/MatineeGroups/MAT_Groups_Vector.uasset" 447
"../../../Engine/Content/EditorMaterials/MAT_Groups_Visibility.uasset" 448
"../../../Engine/Content/EngineResources/DefaultTextureCube.uasset" 449
"../../../Engine/Content/EngineMeshes/Cylinder.uasset" 450
"../../../Engine/Content/EngineTireTypes/DefaultTireType.uasset" 451
"../../../Engine/Content/EngineResources/AICON-Red.uasset" 452
"../../../Engine/Content/EngineResources/AICON-Green.uasset" 453
"../../../Engine/Content/Tutorial/Basics/LevelEditorAttract.uasset" 454
"../../../Engine/Content/Tutorial/Basics/TutorialAssets/icon_tab_Levels_40x.uasset" 455
"../../../Engine/Content/Tutorial/Basics/LevelEditorOverview.uasset" 456
"../../../Engine/Content/Tutorial/BlueprintTutorials/TutorialAssets/Blueprint_64x.uasset" 457
"../../../Engine/Content/Tutorial/BlueprintTutorials/BlueprintEditorTutorial.uasset" 458
"../../../Engine/Content/Tutorial/SubEditors/TutorialAssets/TutorialMaterial.uasset" 459
"../../../Engine/Content/Tutorial/SubEditors/MaterialEditorTutorial.uasset" 460
"../../../Engine/Content/Tutorial/ContentIntroCurve.uasset" 461
"../../../Engine/Plugins/2D/Paper2D/Content/PlaceholderTextures/DummySpriteTexture.uasset" 462
"../../../Engine/Plugins/2D/Paper2D/Content/DummySpriteTexture.uasset" 463
"../../../Engine/Plugins/2D/Paper2D/Content/DefaultSpriteMaterial.uasset" 464
"../../../Engine/Plugins/2D/Paper2D/Content/MaskedUnlitSpriteMaterial.uasset" 465
"../../../Engine/Plugins/2D/Paper2D/Content/OpaqueUnlitSpriteMaterial.uasset" 466
"../../../Engine/Plugins/2D/Paper2D/Content/DummySprite.uasset" 467
"../../../Engine/Plugins/2D/Paper2D/Content/DefaultPaperTerrainMaterial.uasset" 468
"../../../Engine/Content/EngineMaterials/RemoveSurfaceMaterial.uasset" 469
"../../../Engine/Content/EngineDebugMaterials/DebugMeshMaterial.uasset" 470
"../../../Engine/Content/EngineMaterials/InvalidLightmapSettings.uasset" 471
"../../../Engine/Content/EngineMaterials/M_InvalidLightmapSettings.uasset" 472
"../../../Engine/Content/EditorMaterials/GizmoMaterial.uasset" 473
"../../../Engine/Content/EngineMaterials/DefaultBokeh.uasset" 474
"../../../Engine/Content/EngineMaterials/PreintegratedSkinBRDF.uasset" 475
"../../../Engine/Content/EngineMaterials/MiniFont.uasset" 476
"../../../Engine/Content/EngineMaterials/WeightMapPlaceholderTexture.uasset" 477
"../../../Engine/Content/EngineMaterials/DefaultPhysicalMaterial.uasset" 478
"../../../Engine/Content/EngineFonts/RobotoTiny.uasset" 479
"../../../Engine/Content/EditorResources/LightIcons/S_LightError.uasset" 480
"../../../Engine/Content/EditorResources/EmptyActor.uasset" 481
"../../../Engine/Content/MobileResources/HUD/T_Castle_ThumbstickOutter.uasset" 482
"../../../Engine/Content/MobileResources/HUD/MobileHUDButton3.uasset" 483
"../../../Engine/Content/MobileResources/HUD/T_Castle_ThumbstickInner.uasset" 484
"../../../Engine/Content/MobileResources/HUD/MobileHUDButton2_on.uasset" 485
"../../../Engine/Content/MobileResources/HUD/MobileHUDDirectionPad2.uasset" 486
"../../../Engine/Content/MobileResources/HUD/MobileHUDButton2_off.uasset" 487
"../../../Engine/Content/MobileResources/HUD/MobileHUDButtonFire.uasset" 488
"../../../Engine/Content/BasicShapes/Cone.uasset" 489
"../../../Engine/Content/BasicShapes/Cube.uasset" 490
"../../../Engine/Content/BasicShapes/Cylinder.uasset" 491
"../../../Engine/Content/BasicShapes/Sphere.uasset" 492
"../../../Engine/Content/EditorMaterials/PhAT_JointLimitMaterial.uasset" 493
"../../../Engine/Content/EditorMaterials/PreviewShadowIndicator.uasset" 494
"../../../Engine/Content/EditorMaterials/PreviewShadowIndicatorMaterial.uasset" 495
"../../../Engine/Content/EditorMeshes/ColorCalibrator/M_ChromeBall.uasset" 496
"../../../Engine/Content/EditorMeshes/ColorCalibrator/M_ClearCoat.uasset" 497
"../../../Engine/Content/EditorMeshes/ColorCalibrator/M_ClearCoatBlack.uasset" 498
"../../../Engine/Content/EditorMeshes/ColorCalibrator/T_ColorGrid.uasset" 499
"../../../Engine/Content/EditorMeshes/ColorCalibrator/M_ColorGrid.uasset" 500
"../../../Engine/Content/EditorMeshes/ColorCalibrator/M_GreyBall.uasset" 501
"../../../Engine/Content/EditorMeshes/ColorCalibrator/SM_ColorCalibrator.uasset" 502
"../../../Engine/Content/EditorResources/BSPVertex.uasset" 503
"../../../Engine/Content/EngineDebugMaterials/HeatmapGradient.uasset" 504
"../../../Engine/Content/EngineDebugMaterials/BoneWeightMaterial.uasset" 505
"../../../Engine/Content/EngineDebugMaterials/GeomMaterial.uasset" 506
"../../../Engine/Content/Functions/Engine_MaterialFunctions01/Shading/ConvertFromDiffSpec.uasset" 507
"../../../Engine/Content/EngineDebugMaterials/LevelColorationLitMaterial.uasset" 508
"../../../Engine/Content/EngineDebugMaterials/LevelColorationUnlitMaterial.uasset" 509
"../../../Engine/Content/EngineMaterials/DefaultWhiteGrid.uasset" 510
"../../../Engine/Content/EngineDebugMaterials/MAT_LevelColorationLitLightmapUV.uasset" 511
"../../../Engine/Content/EngineDebugMaterials/ShadedLevelColorationLitMaterial.uasset" 512
"../../../Engine/Content/EngineDebugMaterials/ShadedLevelColorationUnlitMateri.uasset" 513
"../../../Engine/Content/EngineDebugMaterials/VertexColorMaterial.uasset" 514
"../../../Engine/Content/EngineDebugMaterials/VertexColorViewMode_AlphaAsColor.uasset" 515
"../../../Engine/Content/EngineDebugMaterials/VertexColorViewMode_BlueOnly.uasset" 516
"../../../Engine/Content/EngineDebugMaterials/VertexColorViewMode_ColorOnly.uasset" 517
"../../../Engine/Content/EngineDebugMaterials/VertexColorViewMode_GreenOnly.uasset" 518
"../../../Engine/Content/EngineDebugMaterials/VertexColorViewMode_RedOnly.uasset" 519
"../../../Engine/Content/EngineDebugMaterials/WireframeMaterial.uasset" 520
"../../../Engine/Content/EngineMaterials/EditorBrushMaterial.uasset" 521
"../../../Engine/Content/MobileResources/T_MobileControls_texture.uasset" 522
"../../../Engine/Content/MobileResources/T_MobileMenu2.uasset" 523
"../../../Engine/Content/MobileResources/HUD/AnalogHat.uasset" 524
"../../../Engine/Content/MobileResources/HUD/VirtualJoystick_Background.uasset" 525
"../../../Engine/Content/MobileResources/HUD/VirtualJoystick_Thumb.uasset" 526
"../../../Engine/Content/MobileResources/HUD/DefaultVirtualJoysticks.uasset" 527
"../../../Engine/Content/MobileResources/HUD/LeftVirtualJoystickOnly.uasset" 528
"../../../Engine/Content/MobileResources/HUD/MobileHUDButton1_off.uasset" 529
"../../../Engine/Content/MobileResources/HUD/MobileHUDButton1_on.uasset" 530
"../../../Engine/Content/MobileResources/HUD/MobileHUDDirectionPad.uasset" 531
"../../../Engine/Content/MobileResources/HUD/MobileHUDDirectionPad3.uasset" 532
"../../../Engine/Content/MobileResources/HUD/MobileHUDDirectionStick.uasset" 533
"../../../Engine/Content/Tutorial/BlueprintTutorials/TutorialAssets/BlueprintInterface_64x.uasset" 534
"../../../Engine/Content/Tutorial/BlueprintTutorials/TutorialAssets/Tutorial_BP_Interface.uasset" 535
"../../../Engine/Content/Tutorial/BlueprintTutorials/BlueprintInterfacesEditorOverview.uasset" 536
"../../../Engine/Content/Tutorial/BlueprintTutorials/TutorialAssets/BlueprintMacroLibrary_64x.uasset" 537
"../../../Engine/Content/Tutorial/BlueprintTutorials/TutorialAssets/Tutorial_BP_MacroLib.uasset" 538
"../../../Engine/Content/Tutorial/BlueprintTutorials/BlueprintMacroLibrariesEditorOverview.uasset" 539
"../../../Engine/Content/Tutorial/BlueprintTutorials/LevelBlueprintEditorOverview.uasset" 540
"../../../Engine/Content/Tutorial/Foliage/TutorialAssets/Foliage.uasset" 541
"../../../Engine/Content/Tutorial/Foliage/Foliage_Settings_Tutorial.uasset" 542
"../../../Engine/Content/Tutorial/Foliage/Foliage_Using_The_Tool_Tutorial.uasset" 543
"../../../Engine/Content/Tutorial/Foliage/Foliage_Intro_Tutorial.uasset" 544
"../../../Engine/Content/Tutorial/Landscape/TutorialAssets/Landscape.uasset" 545
"../../../Engine/Content/Tutorial/Landscape/Landscape_Painting_Mode.uasset" 546
"../../../Engine/Content/Tutorial/Landscape/Landscape_Sculpt_Mode.uasset" 547
"../../../Engine/Content/Tutorial/Landscape/Landscape_Manage_Mode.uasset" 548
"../../../Engine/Content/Tutorial/Paper2D/TutorialAssets/Paper2DFlipbook_TutorialIcon.uasset" 549
"../../../Engine/Content/Tutorial/Paper2D/FlipbookEditorTutorial.uasset" 550
"../../../Engine/Content/Tutorial/Paper2D/TutorialAssets/Paper2DSprite_TutorialIcon.uasset" 551
"../../../Engine/Content/Tutorial/Paper2D/SpriteEditorTutorial.uasset" 552
"../../../Engine/Content/EditorMeshes/EditorCube.uasset" 553
"../../../Engine/Content/Tutorial/SubEditors/TutorialAssets/Tutorial_DM.uasset" 554
"../../../Engine/Content/Tutorial/SubEditors/DestructibleMeshEditorTutorial.uasset" 555
"../../../Engine/Content/Tutorial/SubEditors/TutorialAssets/T_SmokeSubUV_8X8.uasset" 556
"../../../Engine/Content/Tutorial/SubEditors/TutorialAssets/T_soft_smoke.uasset" 557
"../../../Engine/Content/Tutorial/SubEditors/TutorialAssets/M_smoke_subUV_blackbody.uasset" 558
"../../../Engine/Content/Tutorial/SubEditors/TutorialAssets/TutorialParticleSystem.uasset" 559
"../../../Engine/Content/Tutorial/SubEditors/ParticleSystemEditorTutorial.uasset" 560
"../../../Engine/Content/Tutorial/SubEditors/TutorialAssets/icon_ShowSkeletalMeshes_40x.uasset" 561
"../../../Engine/Content/Tutorial/SubEditors/TutorialAssets/Character/TutorialTPP_Mat.uasset" 562
"../../../Engine/Content/Tutorial/SubEditors/TutorialAssets/Character/TutorialTPP_PhysicsAsset.uasset" 563
"../../../Engine/Content/Tutorial/SubEditors/TutorialAssets/Character/TutorialTPP.uasset" 564
"../../../Engine/Content/Tutorial/SubEditors/TutorialAssets/Character/TutorialTPP_Skeleton.uasset" 565
"../../../Engine/Content/Tutorial/SubEditors/TutorialAssets/Character/Tutorial_Idle.uasset" 566
"../../../Engine/Content/Tutorial/SubEditors/TutorialAssets/Character/Tutorial_Walk_Fwd.uasset" 567
"../../../Engine/Content/Tutorial/SubEditors/TutorialAssets/Character/NewBlendSpace1D.uasset" 568
"../../../Engine/Content/Tutorial/SubEditors/TutorialAssets/Character/TutorialCharacter.uasset" 569
"../../../Engine/Content/Tutorial/SubEditors/TutorialAssets/Character/TutorialTPP_AnimBlueprint.uasset" 570
"../../../Engine/Content/Tutorial/SubEditors/PersonaAnimBlueprintEditorWalkthrough.uasset" 571
"../../../Engine/Content/Tutorial/SubEditors/PersonaAnimEditorWalkthrough.uasset" 572
"../../../Engine/Content/Tutorial/SubEditors/PersonaAnimEditorTutorial.uasset" 573
"../../../Engine/Content/EngineMeshes/Cube.uasset" 574
"../../../Engine/Content/Tutorial/SubEditors/StaticMeshEditorTutorial.uasset" 575
"../../../Engine/Content/Tutorial/SubEditors/TutorialAssets/icon_Editor_Preferences_General_40x.uasset" 576
